<?xml version="1.0" encoding="UTF-8"?>
<!-- Generated by org.testng.reporters.JUnitXMLReporter -->
<testsuite ignored="0" hostname="2JVR353" failures="0" tests="3" name="Test" time="112.621" errors="0" timestamp="2024-07-15T23:42:12 CDT">
  <testcase classname="com.test.WebElementList" name="MouseHovering" time="2.519"/>
  <testcase classname="com.test.WebElementList" name="DropDown" time="0.881"/>
  <testcase classname="Excersises.MAPS1" name="test2087" time="76.948"/>
</testsuite> <!-- Test -->
