<?xml version="1.0" encoding="UTF-8"?>
<!-- Generated by org.testng.reporters.JUnitXMLReporter -->
<testsuite ignored="0" hostname="2JVR353" failures="0" tests="3" name="Test" time="124.04" errors="0" timestamp="2024-07-26T23:49:54 CDT">
  <testcase classname="com.test.WebElementList" name="MouseHovering" time="2.992"/>
  <testcase classname="com.test.WebElementList" name="DropDown" time="2.224"/>
  <testcase classname="Excersises.MAPS1" name="test2087" time="78.709"/>
</testsuite> <!-- Test -->
