<?xml version="1.0" encoding="UTF-8"?>
<testng-results ignored="0" total="1" passed="1" failed="0" skipped="0">
  <reporter-output>
  </reporter-output>
  <suite started-at="2024-07-02T21:11:38 CDT" name="Default suite" finished-at="2024-07-02T21:13:29 CDT" duration-ms="111015">
    <groups>
    </groups>
    <test started-at="2024-07-02T21:11:38 CDT" name="Default test" finished-at="2024-07-02T21:13:29 CDT" duration-ms="111015">
      <class name="Excersises.MAPS1">
        <test-method is-config="true" signature="initialization()[pri:0, instance:Excersises.MAPS1@4218d6a3]" started-at="2024-07-02T21:11:38 CDT" name="initialization" finished-at="2024-07-02T21:12:02 CDT" duration-ms="24114" status="PASS">
          <reporter-output>
          </reporter-output>
        </test-method> <!-- initialization -->
        <test-method signature="test2087()[pri:0, instance:Excersises.MAPS1@4218d6a3]" started-at="2024-07-02T21:12:02 CDT" name="test2087" finished-at="2024-07-02T21:13:29 CDT" duration-ms="86864" status="PASS">
          <reporter-output>
          </reporter-output>
        </test-method> <!-- test2087 -->
        <test-method is-config="true" signature="cleanup()[pri:0, instance:Excersises.MAPS1@4218d6a3]" started-at="2024-07-02T21:13:29 CDT" name="cleanup" finished-at="2024-07-02T21:13:29 CDT" duration-ms="0" status="PASS">
          <reporter-output>
          </reporter-output>
        </test-method> <!-- cleanup -->
      </class> <!-- Excersises.MAPS1 -->
    </test> <!-- Default test -->
  </suite> <!-- Default suite -->
</testng-results>
