<?xml version="1.0" encoding="UTF-8"?>
<!-- Generated by org.testng.reporters.JUnitXMLReporter -->
<testsuite ignored="0" hostname="2JVR353" failures="0" tests="5" name="Default test" time="112.989" errors="0" timestamp="2024-07-26T23:54:37 CDT">
  <testcase classname="com.excledata.DataRead2" name="dataRead" time="0.775"/>
  <testcase classname="com.excledata.ReadData" name="DataRead" time="0.03"/>
  <testcase classname="com.test.WebElementList" name="MouseHovering" time="2.378"/>
  <testcase classname="com.test.WebElementList" name="DropDown" time="0.718"/>
  <testcase classname="Excersises.MAPS1" name="test2087" time="78.058"/>
</testsuite> <!-- Default test -->
